Started by user [8mha:////4FTCqNFiKLpyn30lOIdVm1IpFtll+75UhAowWr8E/lnxAAAAlx+LCAAAAAAAAP9b85aBtbiIQTGjNKU4P08vOT+vOD8nVc83PyU1x6OyILUoJzMv2y+/JJUBAhiZGBgqihhk0NSjKDWzXb3RdlLBUSYGJk8GtpzUvPSSDB8G5tKinBIGIZ+sxLJE/ZzEvHT94JKizLx0a6BxUmjGOUNodHsLgAz2EgZu/dLi1CL9xJTczDwAHhAahcAAAAA=[0mlakshmi
Running as SYSTEM
Building remotely on [8mha:////4OiLuvFyY4C7gX+/755G+tzvkK7uBHhKDgA6xKAk4bdbAAAAnR+LCAAAAAAAAP9b85aBtbiIQTGjNKU4P08vOT+vOD8nVc83PyU1x6OyILUoJzMv2y+/JJUBAhiZGBgqihhk0NSjKDWzXb3RdlLBUSYGJk8GtpzUvPSSDB8G5tKinBIGIZ+sxLJE/ZzEvHT94JKizLx0a6BxUmjGOUNodHsLgAz2EgZB/eT83ILSktQi/fLMvJT88mIALPIANMYAAAA=[0mwindows in workspace C:\Windows\System32\config\systemprofile\AppData\Local\Jenkins\.jenkins\workspace\selenium-webdriver
The recommended git tool is: NONE
No credentials specified
 > git rev-parse --resolve-git-dir C:\Windows\System32\config\systemprofile\AppData\Local\Jenkins\.jenkins\workspace\selenium-webdriver\.git # timeout=10
Fetching changes from the remote Git repository
 > git config remote.origin.url https://github.com/lakshmi4025/Selenium-WebDriver-TestNG-priority.git # timeout=10
Fetching upstream changes from https://github.com/lakshmi4025/Selenium-WebDriver-TestNG-priority.git
 > git --version # timeout=10
 > git --version # 'git version 2.32.0.windows.2'
 > git fetch --tags --force --progress -- https://github.com/lakshmi4025/Selenium-WebDriver-TestNG-priority.git +refs/heads/*:refs/remotes/origin/* # timeout=10
 > git rev-parse "refs/remotes/origin/master^{commit}" # timeout=10
Checking out Revision 8cba379ecc5f41875024fcb0dedfc54ae023aa8c (refs/remotes/origin/master)
 > git config core.sparsecheckout # timeout=10
 > git checkout -f 8cba379ecc5f41875024fcb0dedfc54ae023aa8c # timeout=10
Commit message: "Initial check-in"
 > git rev-list --no-walk 8cba379ecc5f41875024fcb0dedfc54ae023aa8c # timeout=10
[Checks API] No suitable checks publisher found.
[selenium-webdriver] $ cmd.exe /C "mvn -f pom.xml install && exit %%ERRORLEVEL%%"
[INFO] Scanning for projects...
[INFO] 
[INFO] -----------< seleniumTestNGPriority:seleniumTestNGPriority >------------
[INFO] Building seleniumTestNGPriority 0.0.1-SNAPSHOT
[INFO] --------------------------------[ jar ]---------------------------------
[INFO] 
[8mha:////4DAs6orfhaq6r4nyRih9UDFr1E3U8XylybJoHK238fPvAAAAYB+LCAAAAAAAAP9b85aBtbiIQSmjNKU4P0+vJLE4u1gvPjexLDVPzxdEGvvmZ+X75Zek2mxOX+vh68DGxMBQUcQgBdWQnJ9XnJ+TqucMoUEKGSCAEaSwAAAn9LoiYAAAAA==[0m[INFO] --- maven-resources-plugin:2.6:resources (default-resources) @ seleniumTestNGPriority ---
[8mha:////4HOTkYkeSplnovF16d/jvFnqgIsFdsez6SJD82hTgwKFAAAAYh+LCAAAAAAAAP9b85aBtbiIQSWjNKU4P0+vJLE4u1gvPjexLDVPzxdEhicW5WXmpfvll6SeOJwgmrt9CSsTA0NFEYMUVEtyfl5xfk6qnjOEBilkgABGkMICAEQzmI1iAAAA[0m[WARNING] Using platform encoding (Cp1252 actually) to copy filtered resources, i.e. build is platform dependent!
[INFO] skip non existing resourceDirectory C:\Windows\System32\config\systemprofile\AppData\Local\Jenkins\.jenkins\workspace\selenium-webdriver\src\main\resources
[INFO] 
[8mha:////4DAs6orfhaq6r4nyRih9UDFr1E3U8XylybJoHK238fPvAAAAYB+LCAAAAAAAAP9b85aBtbiIQSmjNKU4P0+vJLE4u1gvPjexLDVPzxdEGvvmZ+X75Zek2mxOX+vh68DGxMBQUcQgBdWQnJ9XnJ+TqucMoUEKGSCAEaSwAAAn9LoiYAAAAA==[0m[INFO] --- maven-compiler-plugin:3.8.1:compile (default-compile) @ seleniumTestNGPriority ---
[INFO] Nothing to compile - all classes are up to date
[INFO] 
[8mha:////4DAs6orfhaq6r4nyRih9UDFr1E3U8XylybJoHK238fPvAAAAYB+LCAAAAAAAAP9b85aBtbiIQSmjNKU4P0+vJLE4u1gvPjexLDVPzxdEGvvmZ+X75Zek2mxOX+vh68DGxMBQUcQgBdWQnJ9XnJ+TqucMoUEKGSCAEaSwAAAn9LoiYAAAAA==[0m[INFO] --- maven-resources-plugin:2.6:testResources (default-testResources) @ seleniumTestNGPriority ---
[8mha:////4HOTkYkeSplnovF16d/jvFnqgIsFdsez6SJD82hTgwKFAAAAYh+LCAAAAAAAAP9b85aBtbiIQSWjNKU4P0+vJLE4u1gvPjexLDVPzxdEhicW5WXmpfvll6SeOJwgmrt9CSsTA0NFEYMUVEtyfl5xfk6qnjOEBilkgABGkMICAEQzmI1iAAAA[0m[WARNING] Using platform encoding (Cp1252 actually) to copy filtered resources, i.e. build is platform dependent!
[INFO] skip non existing resourceDirectory C:\Windows\System32\config\systemprofile\AppData\Local\Jenkins\.jenkins\workspace\selenium-webdriver\src\test\resources
[INFO] 
[8mha:////4DAs6orfhaq6r4nyRih9UDFr1E3U8XylybJoHK238fPvAAAAYB+LCAAAAAAAAP9b85aBtbiIQSmjNKU4P0+vJLE4u1gvPjexLDVPzxdEGvvmZ+X75Zek2mxOX+vh68DGxMBQUcQgBdWQnJ9XnJ+TqucMoUEKGSCAEaSwAAAn9LoiYAAAAA==[0m[INFO] --- maven-compiler-plugin:3.8.1:testCompile (default-testCompile) @ seleniumTestNGPriority ---
[INFO] No sources to compile
[INFO] 
[8mha:////4DAs6orfhaq6r4nyRih9UDFr1E3U8XylybJoHK238fPvAAAAYB+LCAAAAAAAAP9b85aBtbiIQSmjNKU4P0+vJLE4u1gvPjexLDVPzxdEGvvmZ+X75Zek2mxOX+vh68DGxMBQUcQgBdWQnJ9XnJ+TqucMoUEKGSCAEaSwAAAn9LoiYAAAAA==[0m[INFO] --- maven-surefire-plugin:2.19.1:test (default-test) @ seleniumTestNGPriority ---
[INFO] No tests to run.

-------------------------------------------------------
 T E S T S
-------------------------------------------------------
Running TestSuite
Hello Google...
Priority - 1
Priority - 2
Priority - 3
Priority - 4
Tests run: 4, Failures: 4, Errors: 0, Skipped: 0, Time elapsed: 1.788 sec <<< FAILURE! - in TestSuite
openBrowser(seleniumTestNGPriority.Priority_In_testNG)  Time elapsed: 0.107 sec  <<< FAILURE!
java.lang.IllegalStateException: The driver executable does not exist: D:\tools\chromedriver_win32\chromedriver.exe
	at seleniumTestNGPriority.Priority_In_testNG.openBrowser(Priority_In_testNG.java:21)

launchGoogle(seleniumTestNGPriority.Priority_In_testNG)  Time elapsed: 0 sec  <<< FAILURE!
java.lang.NullPointerException
	at seleniumTestNGPriority.Priority_In_testNG.launchGoogle(Priority_In_testNG.java:37)

peformSeachAndClick1stLink(seleniumTestNGPriority.Priority_In_testNG)  Time elapsed: 0.004 sec  <<< FAILURE!
java.lang.NullPointerException
	at seleniumTestNGPriority.Priority_In_testNG.peformSeachAndClick1stLink(Priority_In_testNG.java:45)

FaceBookPageTitleVerification(seleniumTestNGPriority.Priority_In_testNG)  Time elapsed: 0.001 sec  <<< FAILURE!
java.lang.NullPointerException
	at seleniumTestNGPriority.Priority_In_testNG.FaceBookPageTitleVerification(Priority_In_testNG.java:57)


Results :

Failed tests: 
  Priority_In_testNG.FaceBookPageTitleVerification:57 NullPointer
  Priority_In_testNG.launchGoogle:37 NullPointer
  Priority_In_testNG.openBrowser:21 » IllegalState The driver executable does no...
  Priority_In_testNG.peformSeachAndClick1stLink:45 NullPointer

Tests run: 4, Failures: 4, Errors: 0, Skipped: 0

[INFO] ------------------------------------------------------------------------
[INFO] BUILD FAILURE
[INFO] ------------------------------------------------------------------------
[INFO] Total time:  6.864 s
[INFO] Finished at: 2021-09-03T05:04:03-07:00
[INFO] ------------------------------------------------------------------------
[8mha:////4IZGiMxReiVstmBUkd/DN8H0hlw8I+3HnR8c7TF61TKDAAAAYB+LCAAAAAAAAP9b85aBtbiIQSmjNKU4P0+vJLE4u1gvPjexLDVPzxdEuhYV5Rf55Zek1m9pfpLfVWLNxMBQUcQgBdWQnJ9XnJ+TqucMoUEKGSCAEaSwAABqVhoSYAAAAA==[0m[ERROR] Failed to execute goal org.apache.maven.plugins:maven-surefire-plugin:2.19.1:test (default-test) on project seleniumTestNGPriority: There are test failures.
[8mha:////4IZGiMxReiVstmBUkd/DN8H0hlw8I+3HnR8c7TF61TKDAAAAYB+LCAAAAAAAAP9b85aBtbiIQSmjNKU4P0+vJLE4u1gvPjexLDVPzxdEuhYV5Rf55Zek1m9pfpLfVWLNxMBQUcQgBdWQnJ9XnJ+TqucMoUEKGSCAEaSwAABqVhoSYAAAAA==[0m[ERROR] 
[8mha:////4IZGiMxReiVstmBUkd/DN8H0hlw8I+3HnR8c7TF61TKDAAAAYB+LCAAAAAAAAP9b85aBtbiIQSmjNKU4P0+vJLE4u1gvPjexLDVPzxdEuhYV5Rf55Zek1m9pfpLfVWLNxMBQUcQgBdWQnJ9XnJ+TqucMoUEKGSCAEaSwAABqVhoSYAAAAA==[0m[ERROR] Please refer to C:\Windows\System32\config\systemprofile\AppData\Local\Jenkins\.jenkins\workspace\selenium-webdriver\target\surefire-reports for the individual test results.
[8mha:////4IZGiMxReiVstmBUkd/DN8H0hlw8I+3HnR8c7TF61TKDAAAAYB+LCAAAAAAAAP9b85aBtbiIQSmjNKU4P0+vJLE4u1gvPjexLDVPzxdEuhYV5Rf55Zek1m9pfpLfVWLNxMBQUcQgBdWQnJ9XnJ+TqucMoUEKGSCAEaSwAABqVhoSYAAAAA==[0m[ERROR] -> [Help 1]
[8mha:////4IZGiMxReiVstmBUkd/DN8H0hlw8I+3HnR8c7TF61TKDAAAAYB+LCAAAAAAAAP9b85aBtbiIQSmjNKU4P0+vJLE4u1gvPjexLDVPzxdEuhYV5Rf55Zek1m9pfpLfVWLNxMBQUcQgBdWQnJ9XnJ+TqucMoUEKGSCAEaSwAABqVhoSYAAAAA==[0m[ERROR] 
[8mha:////4IZGiMxReiVstmBUkd/DN8H0hlw8I+3HnR8c7TF61TKDAAAAYB+LCAAAAAAAAP9b85aBtbiIQSmjNKU4P0+vJLE4u1gvPjexLDVPzxdEuhYV5Rf55Zek1m9pfpLfVWLNxMBQUcQgBdWQnJ9XnJ+TqucMoUEKGSCAEaSwAABqVhoSYAAAAA==[0m[ERROR] To see the full stack trace of the errors, re-run Maven with the -e switch.
[8mha:////4IZGiMxReiVstmBUkd/DN8H0hlw8I+3HnR8c7TF61TKDAAAAYB+LCAAAAAAAAP9b85aBtbiIQSmjNKU4P0+vJLE4u1gvPjexLDVPzxdEuhYV5Rf55Zek1m9pfpLfVWLNxMBQUcQgBdWQnJ9XnJ+TqucMoUEKGSCAEaSwAABqVhoSYAAAAA==[0m[ERROR] Re-run Maven using the -X switch to enable full debug logging.
[8mha:////4IZGiMxReiVstmBUkd/DN8H0hlw8I+3HnR8c7TF61TKDAAAAYB+LCAAAAAAAAP9b85aBtbiIQSmjNKU4P0+vJLE4u1gvPjexLDVPzxdEuhYV5Rf55Zek1m9pfpLfVWLNxMBQUcQgBdWQnJ9XnJ+TqucMoUEKGSCAEaSwAABqVhoSYAAAAA==[0m[ERROR] 
[8mha:////4IZGiMxReiVstmBUkd/DN8H0hlw8I+3HnR8c7TF61TKDAAAAYB+LCAAAAAAAAP9b85aBtbiIQSmjNKU4P0+vJLE4u1gvPjexLDVPzxdEuhYV5Rf55Zek1m9pfpLfVWLNxMBQUcQgBdWQnJ9XnJ+TqucMoUEKGSCAEaSwAABqVhoSYAAAAA==[0m[ERROR] For more information about the errors and possible solutions, please read the following articles:
[8mha:////4IZGiMxReiVstmBUkd/DN8H0hlw8I+3HnR8c7TF61TKDAAAAYB+LCAAAAAAAAP9b85aBtbiIQSmjNKU4P0+vJLE4u1gvPjexLDVPzxdEuhYV5Rf55Zek1m9pfpLfVWLNxMBQUcQgBdWQnJ9XnJ+TqucMoUEKGSCAEaSwAABqVhoSYAAAAA==[0m[ERROR] [Help 1] http://cwiki.apache.org/confluence/display/MAVEN/MojoFailureException
Build step 'Invoke top-level Maven targets' marked build as failure
TestNG Reports Processing: START
Looking for TestNG results report in workspace using pattern: **/testng-results.xml
Saving reports...
Processing '/var/lib/jenkins/jobs/selenium-webdriver/builds/2/testng/testng-results.xml'
100.000000% of tests failed, which exceeded threshold of 0%. Marking build as UNSTABLE
TestNG Reports Processing: FINISH
[Checks API] No suitable checks publisher found.
Finished: FAILURE
