Started by GitHub push by lakshmi4025
Checking out git https://github.com/lakshmi4025/selenium-Jenkinspipeline.git into /var/lib/jenkins/workspace/selenium -jenkinspipeline@script to read Jenkinsfile
The recommended git tool is: git
No credentials specified
 > git rev-parse --resolve-git-dir /var/lib/jenkins/workspace/selenium -jenkinspipeline@script/.git # timeout=10
Fetching changes from the remote Git repository
 > git config remote.origin.url https://github.com/lakshmi4025/selenium-Jenkinspipeline.git # timeout=10
Fetching upstream changes from https://github.com/lakshmi4025/selenium-Jenkinspipeline.git
 > git --version # timeout=10
 > git --version # 'git version 2.25.1'
 > git fetch --tags --force --progress -- https://github.com/lakshmi4025/selenium-Jenkinspipeline.git +refs/heads/*:refs/remotes/origin/* # timeout=10
 > git rev-parse refs/remotes/origin/master^{commit} # timeout=10
Checking out Revision 66b844c1b50bfc41dfe29edc27afd27dfec0aba0 (refs/remotes/origin/master)
 > git config core.sparsecheckout # timeout=10
 > git checkout -f 66b844c1b50bfc41dfe29edc27afd27dfec0aba0 # timeout=10
Commit message: "Update Selenium.java"
 > git rev-list --no-walk 0577d27100313d1d7fc113f9507243b89bd17176 # timeout=10
[Checks API] No suitable checks publisher found.
Running in Durability level: MAX_SURVIVABILITY
[8mha:////4BUD3Zo655DlF2dIZUQYTEm/VSlL6RBmkO1du8zNnJmyAAAAoh+LCAAAAAAAAP9tjTEOwjAQBM8BClpKHuFItIiK1krDC0x8GCfWnbEdkooX8TX+gCESFVvtrLSa5wtWKcKBo5UdUu8otU4GP9jS5Mixv3geZcdn2TIl9igbHBs2eJyx4YwwR1SwULBGaj0nRzbDRnX6rmuvydanHMu2V1A5c4MHCFXMWcf8hSnC9jqYxPTz/BXAFEIGsfuclm8zQVqFvQAAAA==[0m[Pipeline] Start of Pipeline
[8mha:////4K8sJS6dAg90BEAAXqbJZNRmtuDn5Ldt0Gh5fsWi6NVyAAAApR+LCAAAAAAAAP9tjTEOwjAUQ3+KOrAycohUghExsUZZOEFIQkgb/d8mKe3EibgadyBQiQlLlmxL1nu+oE4RjhQdby12HpP2vA+jK4lPFLtroIm3dOGaMFGwXNpJkrGnpUrKFhaxClYC1hZ1oOTRZdiIVt1VExS65pxj2Q4CKm8GeAAThZxVzN8yR9jeRpMIf5y/AJj7DGxXvP/86jduZBmjwAAAAA==[0m[Pipeline] node
Running on [8mha:////4P3BWicgnW6PrRAo4yVm/xx2q0Qg4RRnuk2vwbWx7692AAAAnR+LCAAAAAAAAP9b85aBtbiIQTGjNKU4P08vOT+vOD8nVc83PyU1x6OyILUoJzMv2y+/JJUBAhiZGBgqihhk0NSjKDWzXb3RdlLBUSYGJk8GtpzUvPSSDB8G5tKinBIGIZ+sxLJE/ZzEvHT94JKizLx0a6BxUmjGOUNodHsLgAx2oBn6yfm5BaUlqUX65Zl5KfnlxfoAbDhp6McAAAA=[0mwindows in C:\Windows\System32\config\systemprofile\AppData\Local\Jenkins\.jenkins\workspace\selenium -jenkinspipeline
[8mha:////4BvIZ7vLFRlZowA5XH0LBU2n4ARtPF8C1dQH8fbuGrCzAAAApR+LCAAAAAAAAP9tjTEOwjAUQ3+KOrAycoh0gA0xsUZZOEFIQkgb/d8mKe3EibgadyBQiQlLlmxL1nu+oE4RjhQdby12HpP2vA+jK4lPFLtroIm3dOGaMFGwXNpJkrGnpUrKFhaxClYC1hZ1oOTRZdiIVt1VExS65pxj2Q4CKm8GeAAThZxVzN8yR9jeRpMIf5y/AJj7DGxXvP/86jfoP95RwAAAAA==[0m[Pipeline] {
[8mha:////4Ht9jGZIRDZpDIqaN7ZrJjAnlfhlSBRomY16aK12PhhMAAAApR+LCAAAAAAAAP9tjTEOwjAUQ3+KOrAycoh0gQkxsUZZOEFIQkgb/d8mKe3EibgadyBQiQlLlmxL1nu+oE4RjhQdby12HpP2vA+jK4lPFLtroIm3dOGaMFGwXNpJkrGnpUrKFhaxClYC1hZ1oOTRZdiIVt1VExS65pxj2Q4CKm8GeAAThZxVzN8yR9jeRpMIf5y/AJj7DGxXvP/86jc09154wAAAAA==[0m[Pipeline] stage
[8mha:////4FoBTmTvVHiNR6B1pLmmQmti/XcmEYEVRTzla/Un3DDhAAAApR+LCAAAAAAAAP9tjTEOwjAUQ3+KOrAycoh0ggUxsUZZOEFIQkgb/d8mKe3EibgadyBQiQlLlmxL1nu+oE4RjhQdby12HpP2vA+jK4lPFLtroIm3dOGaMFGwXNpJkrGnpUrKFhaxClYC1hZ1oOTRZdiIVt1VExS65pxj2Q4CKm8GeAAThZxVzN8yR9jeRpMIf5y/AJj7DGxXvP/86jek7ggRwAAAAA==[0m[Pipeline] { (SCM checkout)
[8mha:////4AFalV1a4xLUSeSERBm+ss5sqwGYGWWc1XsucKMwuSo1AAAAoh+LCAAAAAAAAP9tjTEOAiEURD9rLGwtPQTbaWGsbAmNJ0AWEZb8zwLrbuWJvJp3kLiJlZNMMm+a93rDOic4UbLcG+wdZu14DKOti0+U+lugiXu6ck2YKRguzSSpM+cFJRUDS1gDKwEbgzpQdmgLbIVXD9UGhba9lFS/o4DGdQM8gYlqLiqVL8wJdvexy4Q/z18BzLEA29ce4gfg7KmOvAAAAA==[0m[Pipeline] git
The recommended git tool is: git
No credentials specified
Fetching changes from the remote Git repository
 > git rev-parse --resolve-git-dir C:\Windows\System32\config\systemprofile\AppData\Local\Jenkins\.jenkins\workspace\selenium -jenkinspipeline\.git # timeout=10
 > git config remote.origin.url https://github.com/lakshmi4025/selenium-Jenkinspipeline.git # timeout=10
Fetching upstream changes from https://github.com/lakshmi4025/selenium-Jenkinspipeline.git
 > git --version # timeout=10
 > git --version # 'git version 2.32.0.windows.2'
 > git fetch --tags --force --progress -- https://github.com/lakshmi4025/selenium-Jenkinspipeline.git +refs/heads/*:refs/remotes/origin/* # timeout=10
 > git rev-parse "refs/remotes/origin/master^{commit}" # timeout=10
Checking out Revision 66b844c1b50bfc41dfe29edc27afd27dfec0aba0 (refs/remotes/origin/master)
Commit message: "Update Selenium.java"
[Checks API] No suitable checks publisher found.
[8mha:////4D+3ulcbtA02XBgfTM2OL7sVGkYDE4g0BbpmIIC33O8YAAAAoh+LCAAAAAAAAP9tjTEOAiEURD9rLGwtPQTbGRNjZUtoPAGyiLDkfxZYdytP5NW8g8RNrJxkknnTvNcb1jnBiZLl3mDvMGvHYxhtXXyi1N8CTdzTlWvCTMFwaSZJnTkvKKkYWMIaWAnYGNSBskNbYCu8eqg2KLTtpaT6HQU0rhvgCUxUc1GpfGFOsLuPXSb8ef4KYI6xADvU7j9Dg2gqvAAAAA==[0m[Pipeline] }
[8mha:////4B8wL30d7bil50O/I+1UssofhDpIniz/TG0rNPB4NvoBAAAAoh+LCAAAAAAAAP9tjTEOAiEURD9rLGwtPQRbWRhjZUtoPAGyiLDkfxZYdytP5NW8g8RNrJxkknnTvNcb1jnBiZLl3mDvMGvHYxhtXXyi1N8CTdzTlWvCTMFwaSZJnTkvKKkYWMIaWAnYGNSBskNbYCu8eqg2KLTtpaT6HQU0rhvgCUxUc1GpfGFOsLuPXSb8ef4KYI6xADvU7j9J+wGOvAAAAA==[0m[Pipeline] // stage
[8mha:////4NgraUuaXCDCmCQfw4NlKdEgMqfIMYSdbjylWHzw75V8AAAAph+LCAAAAAAAAP9tjTEOwjAQBM9BKWgpeYQDEh2iorXc8AITG+PEugv2haTiRXyNPxCIRMVWOyut5vmCMic4UPKycdgGzHWQXez91ORAqb1EGmRDZ1kTZopOajdosu44oyZ2MEcUsFCwdFhHygE9w0o15m6qaNBXJ07TtldQBHuDBwg1mdkk/sKYYH3tbSb8ef4KYOwYxI6h2G4+x/INtuQqUcEAAAA=[0m[Pipeline] stage
[8mha:////4LVN7p6Y55hiAPak50O9uHmPsJ4DHG/dT+7WRcLKpWlWAAAApR+LCAAAAAAAAP9tjTEOwjAUQ3+DOrAycoiUzoiJNerCCUITQtLo/zZJSSdOxNW4Ay2VmPBg2Zas93pDGQOcKBjuNHYWY2t570czJ54pdDdPmTu68pYwkte80bkhpc9rbShpWFUw2AjYamw9RYsmwU44+ZCVl2iqSwrzdhTArBrgCYWYyUmG9C1TgP19VJHwx/kLgKlPwOrDYvXyLD8BobDcwgAAAA==[0m[Pipeline] { (Build)
[8mha:////4A3gdvM8d78g7wd/NSf+5oOWqt2XNv+p58QKwLvK0mVuAAAAph+LCAAAAAAAAP9tjTEOwjAUQ3+LOrAycohUZUVMrFEWThCaEJJG/7dJSjpxIq7GHWipxIQHy7ZkvdcbqhjgRMEwp7GzGFvLej+aObFMobt5yszRlbWEkbxmQmdBSp/XKihpWFWUsOGw1dh6ihZNgh138iFrL9HUlxTm7cihtGqAJxR8JicZ0rdMAfb3UUXCH+cvAKY+Qdk0ix2WZ/UBbwyqm8IAAAA=[0m[Pipeline] dir
Running in C:\Windows\System32\config\systemprofile\AppData\Local\Jenkins\.jenkins\workspace\selenium -jenkinspipeline\comtest
[8mha:////4D21pMdJp8csCJi7+UMpVfP9ksLjGDPTg99e7+ZiZwu9AAAAph+LCAAAAAAAAP9tjTEOwjAUQ3+LOrAycohUwIiYukZZOEFoQkgb/V9+UtqJE3E17kBLJSY8WLYl673eUESGE7ETjcXWY6y96ELvpiQG4vYaaBANXURNGClYoeygyNhqqYqShUVZDisJa4t1oOjRJdjIRj90GTS68px42o4Scm/u8IRMTuSkOX3LyLC99SYS/jh/ATB2CfLdfrbD/Cw+y7kUycIAAAA=[0m[Pipeline] {
[8mha:////4EtrDsMkTNjMmQdp0lEG04AbLBulrVHvAJTrK+TCu/0sAAAApB+LCAAAAAAAAP9tjTEOwjAQBC9BFLSUPOIiBB2iSmu54QUmNsaJdWdsh6TiRXyNPxCIRMUWq51t5vmCZYpw5GixNdQ5So3D4Hs7LRw4dhfPA7Z8xoYpsTcozSBZm3pGydnAnKKEhYCVocZzcmQzrEWr7qryimx1ynH6DgJKp2/wgEJM5qxi/sIYYXPtdWL6ef4KYAwZyu3uU/vwBgq0rvS+AAAA[0m[Pipeline] bat
 > git config core.sparsecheckout # timeout=10
 > git checkout -f 66b844c1b50bfc41dfe29edc27afd27dfec0aba0 # timeout=10
 > git branch -a -v --no-abbrev # timeout=10
 > git branch -D master # timeout=10
 > git checkout -b master 66b844c1b50bfc41dfe29edc27afd27dfec0aba0 # timeout=10

C:\Windows\System32\config\systemprofile\AppData\Local\Jenkins\.jenkins\workspace\selenium -jenkinspipeline\comtest>mvn  install 
[INFO] Scanning for projects...
[INFO] 
[INFO] -------------------------< com.test:com.test >--------------------------
[INFO] Building com.test 1.0-SNAPSHOT
[INFO] --------------------------------[ jar ]---------------------------------
[INFO] 
[INFO] --- maven-resources-plugin:2.6:resources (default-resources) @ com.test ---
[WARNING] Using platform encoding (Cp1252 actually) to copy filtered resources, i.e. build is platform dependent!
[INFO] skip non existing resourceDirectory C:\Windows\System32\config\systemprofile\AppData\Local\Jenkins\.jenkins\workspace\selenium -jenkinspipeline\comtest\src\main\resources
[INFO] 
[INFO] --- maven-compiler-plugin:3.5.1:compile (default-compile) @ com.test ---
[INFO] Changes detected - recompiling the module!
[WARNING] File encoding has not been set, using platform encoding Cp1252, i.e. build is platform dependent!
[INFO] Compiling 1 source file to C:\Windows\System32\config\systemprofile\AppData\Local\Jenkins\.jenkins\workspace\selenium -jenkinspipeline\comtest\target\classes
[INFO] -------------------------------------------------------------
[ERROR] COMPILATION ERROR : 
[INFO] -------------------------------------------------------------
[ERROR] /C:/Windows/System32/config/systemprofile/AppData/Local/Jenkins/.jenkins/workspace/selenium -jenkinspipeline/comtest/src/main/java/com/test/Selenium.java:[9,1] illegal start of expression
[ERROR] /C:/Windows/System32/config/systemprofile/AppData/Local/Jenkins/.jenkins/workspace/selenium -jenkinspipeline/comtest/src/main/java/com/test/Selenium.java:[9,35] ',', ')', or '[' expected
[INFO] 2 errors 
[INFO] -------------------------------------------------------------
[INFO] ------------------------------------------------------------------------
[INFO] BUILD FAILURE
[INFO] ------------------------------------------------------------------------
[INFO] Total time:  2.236 s
[INFO] Finished at: 2021-09-03T04:01:53-07:00
[INFO] ------------------------------------------------------------------------
[ERROR] Failed to execute goal org.apache.maven.plugins:maven-compiler-plugin:3.5.1:compile (default-compile) on project com.test: Compilation failure: Compilation failure: 
[ERROR] /C:/Windows/System32/config/systemprofile/AppData/Local/Jenkins/.jenkins/workspace/selenium -jenkinspipeline/comtest/src/main/java/com/test/Selenium.java:[9,1] illegal start of expression
[ERROR] /C:/Windows/System32/config/systemprofile/AppData/Local/Jenkins/.jenkins/workspace/selenium -jenkinspipeline/comtest/src/main/java/com/test/Selenium.java:[9,35] ',', ')', or '[' expected
[ERROR] -> [Help 1]
[ERROR] 
[ERROR] To see the full stack trace of the errors, re-run Maven with the -e switch.
[ERROR] Re-run Maven using the -X switch to enable full debug logging.
[ERROR] 
[ERROR] For more information about the errors and possible solutions, please read the following articles:
[ERROR] [Help 1] http://cwiki.apache.org/confluence/display/MAVEN/MojoFailureException
[8mha:////4Msr1rT7Jb4I6k3+1m54QmP2GYqkvRpdlSnk6aC4iCdoAAAApB+LCAAAAAAAAP9tjTEOwjAQBC9BFLSUPOIihKgQVVrLDS8wsTFOrDtjOyQVL+Jr/IFAJCq2WO1sM88XLFOEI0eLraHOUWocBt/baeHAsbt4HrDlMzZMib1BaQbJ2tQzSs4G5hQlLASsDDWekyObYS1adVeVV2SrU47TdxBQOn2DBxRiMmcV8xfGCJtrrxPTz/NXAGMIGcrt/lO7N7BnLt++AAAA[0m[Pipeline] }
[8mha:////4LmZ3ru9J7+bMW1TkELaAulGozw57TPUAZxrxjcwEHzrAAAApB+LCAAAAAAAAP9tjTEOwjAQBC9BFLSUPOIiKGgQVVrLDS8wsTFOrDtjOyQVL+Jr/IFAJCq2WO1sM88XLFOEI0eLraHOUWocBt/baeHAsbt4HrDlMzZMib1BaQbJ2tQzSs4G5hQlLASsDDWekyObYS1adVeVV2SrU47TdxBQOn2DBxRiMmcV8xfGCJtrrxPTz/NXAGMIGcrt/lO7N4glvS6+AAAA[0m[Pipeline] // dir
[8mha:////4Cm7EHDM89y7hyVzCZCOdSykAgTLfcAR4YPW0WvDwC+MAAAAox+LCAAAAAAAAP9tjTESwiAURH/iWNhaeggyqSwcK1uGxhNggghh/idAJJUn8mreQTQzVm6xs2+b93zBOgY4UtDMKhwMxs4w7yZdFssUhqujzCxdWEcYySkmVBbUq9OCgpKCJVUNKw4bhZ2jaFAn2HIr77JxEnVzTqF8Bw616Ud4QMWLOcmQvjAH2N2mPhL+PH8FMHufoG73n2rfl6fofL4AAAA=[0m[Pipeline] }
[8mha:////4LkcRh7Q34Jh/wPhSc/JMfU4cAsMQZXaTGsa7iqBhQ0NAAAApB+LCAAAAAAAAP9tjTEOwjAQBC9BFLSUPOICHRKiSmu54QUmNsaJdWdsh6TiRXyNPxCIRMUWq51t5vmCZYpw5GixNdQ5So3D4Hs7LRw4dhfPA7Z8xoYpsTcozSBZm3pGydnAnKKEhYCVocZzcmQzrEWr7qryimx1ynH6DgJKp2/wgEJM5qxi/sIYYXPtdWL6ef4KYAwhQ7nbf2r7BtQlufq+AAAA[0m[Pipeline] // stage
[8mha:////4CmkN+CDZj8kN+N2PF3bN/Rmlp5guj8h1Du5G3Ekba1gAAAApB+LCAAAAAAAAP9tjTEOwjAQBDdBFLSUPMIREg1CVLRWGl5gEmOcWHfBvpBUvIiv8QciIlGx1c4083pjmSKOHJ1qLLWeUuVVF3o3PTVwbK+BB9XwRVVMiYNVpR1Kru1pxpLFYl6WY6GxslQFTp6cYK0b8zBFMOSKs8TJHTRyX9/xRKanspgoXxgjNre+Tky/zt8Axq4T5Nu9INt9APRJVd+9AAAA[0m[Pipeline] }
[8mha:////4FubBCbpeygdFZl5IElS7FCb5DdaA3n5AlXj+8RmfEzGAAAAoh+LCAAAAAAAAP9tjTEOwjAQBDdBFLSUPMJBUCIqWisNLzCJMU6su2BfSCpexNf4AxGRqNhqZ5p5vbFMEUeOTjWWWk+p8qoLvZueGji218CDaviiKqbEwarSDiXX9jRjyWIxL8ux0FhZqgInT06w1o15mCIYcsVZ4uQOGrmv73gi01NZTJQvjBGbW18npl/nbwBj1wny3VaQ7T+IzLXKvQAAAA==[0m[Pipeline] // node
[8mha:////4AwKuDDIYeUaVMykVsveX3mZg79fNl9++D28F+uOnl6iAAAAoh+LCAAAAAAAAP9tjTESgjAQRT84FraWHiKMtI6VbYbGE0SIMZDZxWQRKk/k1byDjMxY+av/XvNeb6xTxJGjU62lzlOqverD4OanRo7dNfCoWr6omilxsKqyY8WNPS1YsVgsy3KsNDaW6sDJkxNsdWsepgiGXHGWOLuDRu6bO57I9FwWE+ULU8TuNjSJ6df5G8DU94K83Auy8gOu1dKAvQAAAA==[0m[Pipeline] End of Pipeline
ERROR: script returned exit code 1
[Checks API] No suitable checks publisher found.
Finished: FAILURE
