Started by user [8mha:////4FTCqNFiKLpyn30lOIdVm1IpFtll+75UhAowWr8E/lnxAAAAlx+LCAAAAAAAAP9b85aBtbiIQTGjNKU4P08vOT+vOD8nVc83PyU1x6OyILUoJzMv2y+/JJUBAhiZGBgqihhk0NSjKDWzXb3RdlLBUSYGJk8GtpzUvPSSDB8G5tKinBIGIZ+sxLJE/ZzEvHT94JKizLx0a6BxUmjGOUNodHsLgAz2EgZu/dLi1CL9xJTczDwAHhAahcAAAAA=[0mlakshmi
Obtained jenkinsfile-node from git https://github.com/lakshmi4025/jenkins-pipline.git
Running in Durability level: MAX_SURVIVABILITY
[8mha:////4BUD3Zo655DlF2dIZUQYTEm/VSlL6RBmkO1du8zNnJmyAAAAoh+LCAAAAAAAAP9tjTEOwjAQBM8BClpKHuFItIiK1krDC0x8GCfWnbEdkooX8TX+gCESFVvtrLSa5wtWKcKBo5UdUu8otU4GP9jS5Mixv3geZcdn2TIl9igbHBs2eJyx4YwwR1SwULBGaj0nRzbDRnX6rmuvydanHMu2V1A5c4MHCFXMWcf8hSnC9jqYxPTz/BXAFEIGsfuclm8zQVqFvQAAAA==[0m[Pipeline] Start of Pipeline
[8mha:////4K8sJS6dAg90BEAAXqbJZNRmtuDn5Ldt0Gh5fsWi6NVyAAAApR+LCAAAAAAAAP9tjTEOwjAUQ3+KOrAycohUghExsUZZOEFIQkgb/d8mKe3EibgadyBQiQlLlmxL1nu+oE4RjhQdby12HpP2vA+jK4lPFLtroIm3dOGaMFGwXNpJkrGnpUrKFhaxClYC1hZ1oOTRZdiIVt1VExS65pxj2Q4CKm8GeAAThZxVzN8yR9jeRpMIf5y/AJj7DGxXvP/86jduZBmjwAAAAA==[0m[Pipeline] node
Running on [8mha:////4IzO3YzR99lTFjh1gN5K8k7BvmEtgkOz0mTmkClKqdubAAAAnh+LCAAAAAAAAP9b85aBtbiIQTGjNKU4P08vOT+vOD8nVc83PyU1x6OyILUoJzMv2y+/JJUBAhiZGBgqihhk0NSjKDWzXb3RdlLBUSYGJk8GtpzUvPSSDB8G5tKinBIGIZ+sxLJE/ZzEvHT94JKizLx0a6BxUmjGOUNodHsLgAz2EgZh/eT83ILSktQifY3cxGIgrakPAHib2iPIAAAA[0mJenkins in /var/lib/jenkins/workspace/selenium -jenkinspipeline
[8mha:////4BvIZ7vLFRlZowA5XH0LBU2n4ARtPF8C1dQH8fbuGrCzAAAApR+LCAAAAAAAAP9tjTEOwjAUQ3+KOrAycoh0gA0xsUZZOEFIQkgb/d8mKe3EibgadyBQiQlLlmxL1nu+oE4RjhQdby12HpP2vA+jK4lPFLtroIm3dOGaMFGwXNpJkrGnpUrKFhaxClYC1hZ1oOTRZdiIVt1VExS65pxj2Q4CKm8GeAAThZxVzN8yR9jeRpMIf5y/AJj7DGxXvP/86jfoP95RwAAAAA==[0m[Pipeline] {
[8mha:////4Ht9jGZIRDZpDIqaN7ZrJjAnlfhlSBRomY16aK12PhhMAAAApR+LCAAAAAAAAP9tjTEOwjAUQ3+KOrAycoh0gQkxsUZZOEFIQkgb/d8mKe3EibgadyBQiQlLlmxL1nu+oE4RjhQdby12HpP2vA+jK4lPFLtroIm3dOGaMFGwXNpJkrGnpUrKFhaxClYC1hZ1oOTRZdiIVt1VExS65pxj2Q4CKm8GeAAThZxVzN8yR9jeRpMIf5y/AJj7DGxXvP/86jc09154wAAAAA==[0m[Pipeline] stage
[8mha:////4FoBTmTvVHiNR6B1pLmmQmti/XcmEYEVRTzla/Un3DDhAAAApR+LCAAAAAAAAP9tjTEOwjAUQ3+KOrAycoh0ggUxsUZZOEFIQkgb/d8mKe3EibgadyBQiQlLlmxL1nu+oE4RjhQdby12HpP2vA+jK4lPFLtroIm3dOGaMFGwXNpJkrGnpUrKFhaxClYC1hZ1oOTRZdiIVt1VExS65pxj2Q4CKm8GeAAThZxVzN8yR9jeRpMIf5y/AJj7DGxXvP/86jek7ggRwAAAAA==[0m[Pipeline] { (SCM checkout)
[8mha:////4AFalV1a4xLUSeSERBm+ss5sqwGYGWWc1XsucKMwuSo1AAAAoh+LCAAAAAAAAP9tjTEOAiEURD9rLGwtPQTbaWGsbAmNJ0AWEZb8zwLrbuWJvJp3kLiJlZNMMm+a93rDOic4UbLcG+wdZu14DKOti0+U+lugiXu6ck2YKRguzSSpM+cFJRUDS1gDKwEbgzpQdmgLbIVXD9UGhba9lFS/o4DGdQM8gYlqLiqVL8wJdvexy4Q/z18BzLEA29ce4gfg7KmOvAAAAA==[0m[Pipeline] git
The recommended git tool is: NONE
No credentials specified
 > git rev-parse --resolve-git-dir /var/lib/jenkins/workspace/selenium -jenkinspipeline/.git # timeout=10
Fetching changes from the remote Git repository
 > git config remote.origin.url https://gitlab.com/mbabilo/experitest # timeout=10
Fetching upstream changes from https://gitlab.com/mbabilo/experitest
 > git --version # timeout=10
 > git --version # 'git version 2.25.1'
 > git fetch --tags --force --progress -- https://gitlab.com/mbabilo/experitest +refs/heads/*:refs/remotes/origin/* # timeout=10
 > git rev-parse refs/remotes/origin/master^{commit} # timeout=10
Checking out Revision 8f68880869c9aad5050764711f6e070550ab4921 (refs/remotes/origin/master)
 > git config core.sparsecheckout # timeout=10
 > git checkout -f 8f68880869c9aad5050764711f6e070550ab4921 # timeout=10
 > git branch -a -v --no-abbrev # timeout=10
 > git branch -D master # timeout=10
 > git checkout -b master 8f68880869c9aad5050764711f6e070550ab4921 # timeout=10
Commit message: "Update forCommits"
First time build. Skipping changelog.
[Checks API] No suitable checks publisher found.
[8mha:////4D+3ulcbtA02XBgfTM2OL7sVGkYDE4g0BbpmIIC33O8YAAAAoh+LCAAAAAAAAP9tjTEOAiEURD9rLGwtPQTbGRNjZUtoPAGyiLDkfxZYdytP5NW8g8RNrJxkknnTvNcb1jnBiZLl3mDvMGvHYxhtXXyi1N8CTdzTlWvCTMFwaSZJnTkvKKkYWMIaWAnYGNSBskNbYCu8eqg2KLTtpaT6HQU0rhvgCUxUc1GpfGFOsLuPXSb8ef4KYI6xADvU7j9Dg2gqvAAAAA==[0m[Pipeline] }
[8mha:////4B8wL30d7bil50O/I+1UssofhDpIniz/TG0rNPB4NvoBAAAAoh+LCAAAAAAAAP9tjTEOAiEURD9rLGwtPQRbWRhjZUtoPAGyiLDkfxZYdytP5NW8g8RNrJxkknnTvNcb1jnBiZLl3mDvMGvHYxhtXXyi1N8CTdzTlWvCTMFwaSZJnTkvKKkYWMIaWAnYGNSBskNbYCu8eqg2KLTtpaT6HQU0rhvgCUxUc1GpfGFOsLuPXSb8ef4KYI6xADvU7j9J+wGOvAAAAA==[0m[Pipeline] // stage
[8mha:////4NgraUuaXCDCmCQfw4NlKdEgMqfIMYSdbjylWHzw75V8AAAAph+LCAAAAAAAAP9tjTEOwjAQBM9BKWgpeYQDEh2iorXc8AITG+PEugv2haTiRXyNPxCIRMVWOyut5vmCMic4UPKycdgGzHWQXez91ORAqb1EGmRDZ1kTZopOajdosu44oyZ2MEcUsFCwdFhHygE9w0o15m6qaNBXJ07TtldQBHuDBwg1mdkk/sKYYH3tbSb8ef4KYOwYxI6h2G4+x/INtuQqUcEAAAA=[0m[Pipeline] stage
[8mha:////4LVN7p6Y55hiAPak50O9uHmPsJ4DHG/dT+7WRcLKpWlWAAAApR+LCAAAAAAAAP9tjTEOwjAUQ3+DOrAycoiUzoiJNerCCUITQtLo/zZJSSdOxNW4Ay2VmPBg2Zas93pDGQOcKBjuNHYWY2t570czJ54pdDdPmTu68pYwkte80bkhpc9rbShpWFUw2AjYamw9RYsmwU44+ZCVl2iqSwrzdhTArBrgCYWYyUmG9C1TgP19VJHwx/kLgKlPwOrDYvXyLD8BobDcwgAAAA==[0m[Pipeline] { (Build)
[8mha:////4A3gdvM8d78g7wd/NSf+5oOWqt2XNv+p58QKwLvK0mVuAAAAph+LCAAAAAAAAP9tjTEOwjAUQ3+LOrAycohUZUVMrFEWThCaEJJG/7dJSjpxIq7GHWipxIQHy7ZkvdcbqhjgRMEwp7GzGFvLej+aObFMobt5yszRlbWEkbxmQmdBSp/XKihpWFWUsOGw1dh6ihZNgh138iFrL9HUlxTm7cihtGqAJxR8JicZ0rdMAfb3UUXCH+cvAKY+Qdk0ix2WZ/UBbwyqm8IAAAA=[0m[Pipeline] dir
Running in /var/lib/jenkins/workspace/selenium -jenkinspipeline/comtest
[8mha:////4D21pMdJp8csCJi7+UMpVfP9ksLjGDPTg99e7+ZiZwu9AAAAph+LCAAAAAAAAP9tjTEOwjAUQ3+LOrAycohUwIiYukZZOEFoQkgb/V9+UtqJE3E17kBLJSY8WLYl673eUESGE7ETjcXWY6y96ELvpiQG4vYaaBANXURNGClYoeygyNhqqYqShUVZDisJa4t1oOjRJdjIRj90GTS68px42o4Scm/u8IRMTuSkOX3LyLC99SYS/jh/ATB2CfLdfrbD/Cw+y7kUycIAAAA=[0m[Pipeline] {
[8mha:////4EtrDsMkTNjMmQdp0lEG04AbLBulrVHvAJTrK+TCu/0sAAAApB+LCAAAAAAAAP9tjTEOwjAQBC9BFLSUPOIiBB2iSmu54QUmNsaJdWdsh6TiRXyNPxCIRMUWq51t5vmCZYpw5GixNdQ5So3D4Hs7LRw4dhfPA7Z8xoYpsTcozSBZm3pGydnAnKKEhYCVocZzcmQzrEWr7qryimx1ynH6DgJKp2/wgEJM5qxi/sIYYXPtdWL6ef4KYAwZyu3uU/vwBgq0rvS+AAAA[0m[Pipeline] sh
+ mvn clean install
[[1;34mINFO[m] Scanning for projects...
[[1;34mINFO[m] 
[[1;34mINFO[m] [1m-------------------------< [0;36mcom.test:com.test[0;1m >--------------------------[m
[[1;34mINFO[m] [1mBuilding com.test 1.0-SNAPSHOT[m
[[1;34mINFO[m] [1m--------------------------------[ jar ]---------------------------------[m
[[1;34mINFO[m] 
[[1;34mINFO[m] [1m--- [0;32mmaven-clean-plugin:2.5:clean[m [1m(default-clean)[m @ [36mcom.test[0;1m ---[m
[[1;34mINFO[m] Deleting /var/lib/jenkins/workspace/selenium -jenkinspipeline/comtest/target
[[1;34mINFO[m] 
[[1;34mINFO[m] [1m--- [0;32mmaven-resources-plugin:2.6:resources[m [1m(default-resources)[m @ [36mcom.test[0;1m ---[m
[[1;33mWARNING[m] Using platform encoding (UTF-8 actually) to copy filtered resources, i.e. build is platform dependent!
[[1;34mINFO[m] skip non existing resourceDirectory /var/lib/jenkins/workspace/selenium -jenkinspipeline/comtest/src/main/resources
[[1;34mINFO[m] 
[[1;34mINFO[m] [1m--- [0;32mmaven-compiler-plugin:3.5.1:compile[m [1m(default-compile)[m @ [36mcom.test[0;1m ---[m
[[1;34mINFO[m] Changes detected - recompiling the module!
[[1;33mWARNING[m] File encoding has not been set, using platform encoding UTF-8, i.e. build is platform dependent!
[[1;34mINFO[m] Compiling 1 source file to /var/lib/jenkins/workspace/selenium -jenkinspipeline/comtest/target/classes
[[1;34mINFO[m] 
[[1;34mINFO[m] [1m--- [0;32mmaven-resources-plugin:2.6:testResources[m [1m(default-testResources)[m @ [36mcom.test[0;1m ---[m
[[1;33mWARNING[m] Using platform encoding (UTF-8 actually) to copy filtered resources, i.e. build is platform dependent!
[[1;34mINFO[m] skip non existing resourceDirectory /var/lib/jenkins/workspace/selenium -jenkinspipeline/comtest/src/test/resources
[[1;34mINFO[m] 
[[1;34mINFO[m] [1m--- [0;32mmaven-compiler-plugin:3.5.1:testCompile[m [1m(default-testCompile)[m @ [36mcom.test[0;1m ---[m
[[1;34mINFO[m] Not compiling test sources
[[1;34mINFO[m] 
[[1;34mINFO[m] [1m--- [0;32mmaven-surefire-plugin:2.12.4:test[m [1m(default-test)[m @ [36mcom.test[0;1m ---[m
[[1;34mINFO[m] No tests to run.
[[1;34mINFO[m] 
[[1;34mINFO[m] [1m--- [0;32mmaven-jar-plugin:2.4:jar[m [1m(default-jar)[m @ [36mcom.test[0;1m ---[m
[[1;34mINFO[m] Building jar: /var/lib/jenkins/workspace/selenium -jenkinspipeline/comtest/target/com.test-1.0-SNAPSHOT.jar
[[1;34mINFO[m] 
[[1;34mINFO[m] [1m--- [0;32mmaven-shade-plugin:2.1:shade[m [1m(default)[m @ [36mcom.test[0;1m ---[m
[[1;33mWARNING[m] Map in class org.apache.maven.plugins.shade.resource.ManifestResourceTransformer declares value type as: class java.util.jar.Attributes but saw: class java.lang.String at runtime
[[1;34mINFO[m] Including org.seleniumhq.selenium:selenium-api:jar:2.52.0 in the shaded jar.
[[1;34mINFO[m] Including com.google.guava:guava:jar:19.0 in the shaded jar.
[[1;34mINFO[m] Including com.google.code.gson:gson:jar:2.3.1 in the shaded jar.
[[1;34mINFO[m] Including org.apache.httpcomponents:httpclient:jar:4.5.1 in the shaded jar.
[[1;34mINFO[m] Including org.apache.httpcomponents:httpcore:jar:4.4.3 in the shaded jar.
[[1;34mINFO[m] Including commons-logging:commons-logging:jar:1.2 in the shaded jar.
[[1;34mINFO[m] Including commons-codec:commons-codec:jar:1.9 in the shaded jar.
[[1;34mINFO[m] Including org.seleniumhq.selenium:selenium-chrome-driver:jar:2.52.0 in the shaded jar.
[[1;34mINFO[m] Including org.seleniumhq.selenium:selenium-remote-driver:jar:2.52.0 in the shaded jar.
[[1;34mINFO[m] Including cglib:cglib-nodep:jar:2.1_3 in the shaded jar.
[[1;34mINFO[m] Including org.apache.commons:commons-exec:jar:1.3 in the shaded jar.
[[1;34mINFO[m] Including net.java.dev.jna:jna:jar:4.1.0 in the shaded jar.
[[1;34mINFO[m] Including net.java.dev.jna:jna-platform:jar:4.1.0 in the shaded jar.
[[1;34mINFO[m] Replacing original artifact with shaded artifact.
[[1;34mINFO[m] Replacing /var/lib/jenkins/workspace/selenium -jenkinspipeline/comtest/target/com.test-1.0-SNAPSHOT.jar with /var/lib/jenkins/workspace/selenium -jenkinspipeline/comtest/target/com.test-1.0-SNAPSHOT-shaded.jar
[[1;34mINFO[m] Dependency-reduced POM written at: /var/lib/jenkins/workspace/selenium -jenkinspipeline/comtest/dependency-reduced-pom.xml
[[1;34mINFO[m] 
[[1;34mINFO[m] [1m--- [0;32mmaven-install-plugin:2.4:install[m [1m(default-install)[m @ [36mcom.test[0;1m ---[m
[[1;34mINFO[m] Installing /var/lib/jenkins/workspace/selenium -jenkinspipeline/comtest/target/com.test-1.0-SNAPSHOT.jar to /var/lib/jenkins/.m2/repository/com/test/com.test/1.0-SNAPSHOT/com.test-1.0-SNAPSHOT.jar
[[1;34mINFO[m] Installing /var/lib/jenkins/workspace/selenium -jenkinspipeline/comtest/dependency-reduced-pom.xml to /var/lib/jenkins/.m2/repository/com/test/com.test/1.0-SNAPSHOT/com.test-1.0-SNAPSHOT.pom
[[1;34mINFO[m] [1m------------------------------------------------------------------------[m
[[1;34mINFO[m] [1;32mBUILD SUCCESS[m
[[1;34mINFO[m] [1m------------------------------------------------------------------------[m
[[1;34mINFO[m] Total time:  2.527 s
[[1;34mINFO[m] Finished at: 2021-08-24T11:24:22Z
[[1;34mINFO[m] [1m------------------------------------------------------------------------[m
[8mha:////4Msr1rT7Jb4I6k3+1m54QmP2GYqkvRpdlSnk6aC4iCdoAAAApB+LCAAAAAAAAP9tjTEOwjAQBC9BFLSUPOIihKgQVVrLDS8wsTFOrDtjOyQVL+Jr/IFAJCq2WO1sM88XLFOEI0eLraHOUWocBt/baeHAsbt4HrDlMzZMib1BaQbJ2tQzSs4G5hQlLASsDDWekyObYS1adVeVV2SrU47TdxBQOn2DBxRiMmcV8xfGCJtrrxPTz/NXAGMIGcrt/lO7N7BnLt++AAAA[0m[Pipeline] }
[8mha:////4LmZ3ru9J7+bMW1TkELaAulGozw57TPUAZxrxjcwEHzrAAAApB+LCAAAAAAAAP9tjTEOwjAQBC9BFLSUPOIiKGgQVVrLDS8wsTFOrDtjOyQVL+Jr/IFAJCq2WO1sM88XLFOEI0eLraHOUWocBt/baeHAsbt4HrDlMzZMib1BaQbJ2tQzSs4G5hQlLASsDDWekyObYS1adVeVV2SrU47TdxBQOn2DBxRiMmcV8xfGCJtrrxPTz/NXAGMIGcrt/lO7N4glvS6+AAAA[0m[Pipeline] // dir
[8mha:////4OceotCjn5mDDcxRLepjVnocSObKAhaefJspCygkZinKAAAApx+LCAAAAAAAAP9tjTEOwjAUQ3+LOrAycohUnRgQE2uUhROEJoSk0f9tkpJOnIircQdaKjHhwbItWe/1hioGOFEwzGnsLMbWst6PZk4sU+hunjJzdGUtYSSvmdBZkNLntQpKGlYVJWw4bDW2nqJFk2DHnXzI2ks09SWFeTtyKK0a4AkFn8lJhvQtU4D9fVSR8Mf5C4CpT1A2zWKH5Vl9ANydZ8vCAAAA[0m[Pipeline] dir
Running in /var/lib/jenkins/workspace/selenium -jenkinspipeline/comtest/target
[8mha:////4M1FF4pAVC5cyXqdOl26rkw7MhdxlQPEPkVQI9syuxWtAAAApx+LCAAAAAAAAP9tjTEOwjAUQ3+LOrAycohUTCAhpq5RFk4QmhDSRv+Xn5R24kRcjTvQUokJD5ZtyXqvNxSR4UTsRGOx9RhrL7rQuymJgbi9BhpEQxdRE0YKVig7KDK2WqqiZGFRlsNKwtpiHSh6dAk2stEPXQaNrjwnnrajhNybOzwhkxM5aU7fMjJsb72JhD/OXwCMXYJ8t5/tMD+LD0rlhNLCAAAA[0m[Pipeline] {
[8mha:////4I4svolFXw9Ltr8tIedx2A2Y6c45t9brfRjjs3XzeofIAAAApB+LCAAAAAAAAP9tjTEOwjAQBC9BFLSUPOIiOhCiSmu54QUmNsaJdWdsh6TiRXyNPxCIRMUWq51t5vmCZYpw5GixNdQ5So3D4Hs7LRw4dhfPA7Z8xoYpsTcozSBZm3pGydnAnKKEhYCVocZzcmQzrEWr7qryimx1ynH6DgJKp2/wgEJM5qxi/sIYYXPtdWL6ef4KYAwZyu3uU/vwBr2eB0O+AAAA[0m[Pipeline] sh
+ java -jar com.test-1.0-SNAPSHOT.jar
Exception in thread "main" java.lang.IllegalStateException: The driver executable does not exist: /var/lib/jenkins/workspace/selenium -jenkinspipeline/comtest/target/F:\Jenkins\workspace\chromedriver.exe
	at com.google.common.base.Preconditions.checkState(Preconditions.java:199)
	at org.openqa.selenium.remote.service.DriverService.checkExecutable(DriverService.java:121)
	at org.openqa.selenium.remote.service.DriverService.findExecutable(DriverService.java:116)
	at org.openqa.selenium.chrome.ChromeDriverService.access$000(ChromeDriverService.java:32)
	at org.openqa.selenium.chrome.ChromeDriverService$Builder.findDefaultExecutable(ChromeDriverService.java:137)
	at org.openqa.selenium.remote.service.DriverService$Builder.build(DriverService.java:296)
	at org.openqa.selenium.chrome.ChromeDriverService.createDefaultService(ChromeDriverService.java:88)
	at org.openqa.selenium.chrome.ChromeDriver.<init>(ChromeDriver.java:116)
	at com.test.Selenium.main(Selenium.java:9)
[8mha:////4IIRQEWz7TSwpEAFTy8AI0RFKld46/Lgfes1YvbvlC/uAAAApR+LCAAAAAAAAP9tjTEOwjAQBC9BFLSUPOICVEgoFa3lhheYxBgn1l2wHZyKF/E1/oBFJCq2WO1sM683LIOHmr3BTlNvKTQWBzeavDCx76+OE3Z8wYYpsNModZLc6tOMkqOGOUUJCwErTY3jYMlEWItOPVTlFJnqHH3+jgJK297hCYXI5qh8/MLkYXMb28D08/wVwDQMEcr9Ntfu8AEWNdkpvgAAAA==[0m[Pipeline] }
[8mha:////4MoXGLhvMdurE0p94Pwnl/Fq3p/DeYFChMvTh9CfiXkOAAAApR+LCAAAAAAAAP9tjTEOwjAQBC9BFLSUPOKi0FAgqrRWGl5gYmOcWHfGdkgqXsTX+AMWkajYYrWzzbzesI4BThwM9poGS7Gz6N1o8sKJw3B1PGHPF+yYIjuNrZ5aVrpZsOWkYUlRwkrARlPnOFoyCbailw9ZOUmmOqeQv6OA0qo7PKEQ2ZxkSF+YA+xuo4pMP89fAczeJyj3da768AEi+zpyvgAAAA==[0m[Pipeline] // dir
[8mha:////4HCc2q4RLksyX5eBVUrpMqdRYrOtoYNh6x9BBZZugWhuAAAApB+LCAAAAAAAAP9tjTEOwjAQBC9BFLSUPMJR0iIqWisNLzCxMU6sO8e+kFS8iK/xBywiUbHFamebeb1hmyKcKFrRGxwcps6J4Cebl5gpDjdPs+jpKjrCRN6I1swtaXNesSU2sKYoYSNhZ7DzlBxahr3s1UNVXqGtLhzzd5RQOj3CEwqZzawif2GJcLhPOhH+PH8FsITAUDZNrrr+ALkszR2+AAAA[0m[Pipeline] }
[8mha:////4GYco5Lu57qmIioQj6o+MZXB222jfn0/1kANkS1rkCadAAAApB+LCAAAAAAAAP9tjTsOwjAQRDdBFLSUHGLDp0SpaC03nMAkxjixdoPt4FSciKtxBywiUTHFaN407/WGZfBQszfYaeothcbi4EaTFyb2/dVxwo4v2DAFdhqlTpJbfZpRctQwpyhhIWClqXEcLJkIa9Gph6qcIlOdo8/fUUBp2zs8oRDZHJWPX5g8bG5jG5h+nr8CmIYhQrk/5NptP4rPlqG+AAAA[0m[Pipeline] // stage
[8mha:////4AHYZ+Q1chaj7O6tG6aj/dOM0H00dPv4p3tPqNn/0Pv6AAAAox+LCAAAAAAAAP9tjbEOgjAURS8YB1dHP6Ikhs04uTYsfkGFWgvNe9g+hMkv8tf8B4kkTt7pnrOc1xvrFHHk6FRrqfOUaq/6MLj5qZFjdw08qpYvqmZKHKyq7FhxY08LViwWy7IcK42NpTpw8uQEW92ahymCIVecJc7uoJH75o4nMj2XxUT5whSxuw1NYvp1/gYw9b0g35eCrPwA6/9Rob0AAAA=[0m[Pipeline] }
[8mha:////4CdLSefRDGYp1x2HXulJRoe/vzdp1XZd5Skisqvpf0hMAAAAox+LCAAAAAAAAP9tjTEOwjAQBDdBFLSUPMKRQFSIitZKwwtMYowT6y7YF5KKF/E1/kBEJCq22plmXm8sU8SRo1ONpdZTqrzqQu+mpwaO7TXwoBq+qIopcbCqtEPJtT3NWLJYzMtyLDRWlqrAyZMTrHVjHqYIhlxxlji5g0bu6zueyPRUFhPlC2PE5tbXienX+RvA2HWCfLsXZLsP+ENVAr0AAAA=[0m[Pipeline] // node
[8mha:////4NBQyXqQ1OCPauVT4iMJeOVxTpJJnZQShtNpt8YqbmGqAAAAox+LCAAAAAAAAP9tjbEOgjAURS8YB1dHP6IkDC7GybVh8Qsq1Fpo3sP2IUx+kb/mP0gkcfJO95zlvN5Yp4gjR6daS52nVHvVh8HNT40cu2vgUbV8UTVT4mBVZceKG3tasGKxWJblWGlsLNWBkycn2OrWPEwRDLniLHF2B43cN3c8kem5LCbKF6aI3W1oEtOv8zeAqe8FebkXZOUHvgnyMr0AAAA=[0m[Pipeline] End of Pipeline
ERROR: script returned exit code 1
[Checks API] No suitable checks publisher found.
Finished: FAILURE
