Started by user [8mha:////4FTCqNFiKLpyn30lOIdVm1IpFtll+75UhAowWr8E/lnxAAAAlx+LCAAAAAAAAP9b85aBtbiIQTGjNKU4P08vOT+vOD8nVc83PyU1x6OyILUoJzMv2y+/JJUBAhiZGBgqihhk0NSjKDWzXb3RdlLBUSYGJk8GtpzUvPSSDB8G5tKinBIGIZ+sxLJE/ZzEvHT94JKizLx0a6BxUmjGOUNodHsLgAz2EgZu/dLi1CL9xJTczDwAHhAahcAAAAA=[0mlakshmi
Running in Durability level: MAX_SURVIVABILITY
[8mha:////4BUD3Zo655DlF2dIZUQYTEm/VSlL6RBmkO1du8zNnJmyAAAAoh+LCAAAAAAAAP9tjTEOwjAQBM8BClpKHuFItIiK1krDC0x8GCfWnbEdkooX8TX+gCESFVvtrLSa5wtWKcKBo5UdUu8otU4GP9jS5Mixv3geZcdn2TIl9igbHBs2eJyx4YwwR1SwULBGaj0nRzbDRnX6rmuvydanHMu2V1A5c4MHCFXMWcf8hSnC9jqYxPTz/BXAFEIGsfuclm8zQVqFvQAAAA==[0m[Pipeline] Start of Pipeline
[8mha:////4K8sJS6dAg90BEAAXqbJZNRmtuDn5Ldt0Gh5fsWi6NVyAAAApR+LCAAAAAAAAP9tjTEOwjAUQ3+KOrAycohUghExsUZZOEFIQkgb/d8mKe3EibgadyBQiQlLlmxL1nu+oE4RjhQdby12HpP2vA+jK4lPFLtroIm3dOGaMFGwXNpJkrGnpUrKFhaxClYC1hZ1oOTRZdiIVt1VExS65pxj2Q4CKm8GeAAThZxVzN8yR9jeRpMIf5y/AJj7DGxXvP/86jduZBmjwAAAAA==[0m[Pipeline] node
Running on [8mha:////4P3BWicgnW6PrRAo4yVm/xx2q0Qg4RRnuk2vwbWx7692AAAAnR+LCAAAAAAAAP9b85aBtbiIQTGjNKU4P08vOT+vOD8nVc83PyU1x6OyILUoJzMv2y+/JJUBAhiZGBgqihhk0NSjKDWzXb3RdlLBUSYGJk8GtpzUvPSSDB8G5tKinBIGIZ+sxLJE/ZzEvHT94JKizLx0a6BxUmjGOUNodHsLgAx2oBn6yfm5BaUlqUX65Zl5KfnlxfoAbDhp6McAAAA=[0mwindows in C:\Windows\System32\config\systemprofile\AppData\Local\Jenkins\.jenkins\workspace\selenium-pipeline-windows
[8mha:////4BvIZ7vLFRlZowA5XH0LBU2n4ARtPF8C1dQH8fbuGrCzAAAApR+LCAAAAAAAAP9tjTEOwjAUQ3+KOrAycoh0gA0xsUZZOEFIQkgb/d8mKe3EibgadyBQiQlLlmxL1nu+oE4RjhQdby12HpP2vA+jK4lPFLtroIm3dOGaMFGwXNpJkrGnpUrKFhaxClYC1hZ1oOTRZdiIVt1VExS65pxj2Q4CKm8GeAAThZxVzN8yR9jeRpMIf5y/AJj7DGxXvP/86jfoP95RwAAAAA==[0m[Pipeline] {
[8mha:////4Ht9jGZIRDZpDIqaN7ZrJjAnlfhlSBRomY16aK12PhhMAAAApR+LCAAAAAAAAP9tjTEOwjAUQ3+KOrAycoh0gQkxsUZZOEFIQkgb/d8mKe3EibgadyBQiQlLlmxL1nu+oE4RjhQdby12HpP2vA+jK4lPFLtroIm3dOGaMFGwXNpJkrGnpUrKFhaxClYC1hZ1oOTRZdiIVt1VExS65pxj2Q4CKm8GeAAThZxVzN8yR9jeRpMIf5y/AJj7DGxXvP/86jc09154wAAAAA==[0m[Pipeline] stage
[8mha:////4FoBTmTvVHiNR6B1pLmmQmti/XcmEYEVRTzla/Un3DDhAAAApR+LCAAAAAAAAP9tjTEOwjAUQ3+KOrAycoh0ggUxsUZZOEFIQkgb/d8mKe3EibgadyBQiQlLlmxL1nu+oE4RjhQdby12HpP2vA+jK4lPFLtroIm3dOGaMFGwXNpJkrGnpUrKFhaxClYC1hZ1oOTRZdiIVt1VExS65pxj2Q4CKm8GeAAThZxVzN8yR9jeRpMIf5y/AJj7DGxXvP/86jek7ggRwAAAAA==[0m[Pipeline] { (SCM checkout)
[8mha:////4AFalV1a4xLUSeSERBm+ss5sqwGYGWWc1XsucKMwuSo1AAAAoh+LCAAAAAAAAP9tjTEOAiEURD9rLGwtPQTbaWGsbAmNJ0AWEZb8zwLrbuWJvJp3kLiJlZNMMm+a93rDOic4UbLcG+wdZu14DKOti0+U+lugiXu6ck2YKRguzSSpM+cFJRUDS1gDKwEbgzpQdmgLbIVXD9UGhba9lFS/o4DGdQM8gYlqLiqVL8wJdvexy4Q/z18BzLEA29ce4gfg7KmOvAAAAA==[0m[Pipeline] git
The recommended git tool is: git
No credentials specified
Fetching changes from the remote Git repository
 > git rev-parse --resolve-git-dir C:\Windows\System32\config\systemprofile\AppData\Local\Jenkins\.jenkins\workspace\selenium-pipeline-windows\.git # timeout=10
 > git config remote.origin.url https://github.com/lakshmi4025/selenium-Jenkinspipeline.git # timeout=10
Fetching upstream changes from https://github.com/lakshmi4025/selenium-Jenkinspipeline.git
 > git --version # timeout=10
 > git --version # 'git version 2.32.0.windows.2'
 > git fetch --tags --force --progress -- https://github.com/lakshmi4025/selenium-Jenkinspipeline.git +refs/heads/*:refs/remotes/origin/* # timeout=10
Checking out Revision f4d7c62a03b3e00aea0d1b011aa8563c40cb3402 (refs/remotes/origin/master)
 > git rev-parse "refs/remotes/origin/master^{commit}" # timeout=10
 > git config core.sparsecheckout # timeout=10
 > git checkout -f f4d7c62a03b3e00aea0d1b011aa8563c40cb3402 # timeout=10
 > git branch -a -v --no-abbrev # timeout=10
 > git branch -D master # timeout=10
 > git checkout -b master f4d7c62a03b3e00aea0d1b011aa8563c40cb3402 # timeout=10
Commit message: "Update Selenium.java"
 > git rev-list --no-walk 66b844c1b50bfc41dfe29edc27afd27dfec0aba0 # timeout=10
[Checks API] No suitable checks publisher found.
[8mha:////4D+3ulcbtA02XBgfTM2OL7sVGkYDE4g0BbpmIIC33O8YAAAAoh+LCAAAAAAAAP9tjTEOAiEURD9rLGwtPQTbGRNjZUtoPAGyiLDkfxZYdytP5NW8g8RNrJxkknnTvNcb1jnBiZLl3mDvMGvHYxhtXXyi1N8CTdzTlWvCTMFwaSZJnTkvKKkYWMIaWAnYGNSBskNbYCu8eqg2KLTtpaT6HQU0rhvgCUxUc1GpfGFOsLuPXSb8ef4KYI6xADvU7j9Dg2gqvAAAAA==[0m[Pipeline] }
[8mha:////4B8wL30d7bil50O/I+1UssofhDpIniz/TG0rNPB4NvoBAAAAoh+LCAAAAAAAAP9tjTEOAiEURD9rLGwtPQRbWRhjZUtoPAGyiLDkfxZYdytP5NW8g8RNrJxkknnTvNcb1jnBiZLl3mDvMGvHYxhtXXyi1N8CTdzTlWvCTMFwaSZJnTkvKKkYWMIaWAnYGNSBskNbYCu8eqg2KLTtpaT6HQU0rhvgCUxUc1GpfGFOsLuPXSb8ef4KYI6xADvU7j9J+wGOvAAAAA==[0m[Pipeline] // stage
[8mha:////4NgraUuaXCDCmCQfw4NlKdEgMqfIMYSdbjylWHzw75V8AAAAph+LCAAAAAAAAP9tjTEOwjAQBM9BKWgpeYQDEh2iorXc8AITG+PEugv2haTiRXyNPxCIRMVWOyut5vmCMic4UPKycdgGzHWQXez91ORAqb1EGmRDZ1kTZopOajdosu44oyZ2MEcUsFCwdFhHygE9w0o15m6qaNBXJ07TtldQBHuDBwg1mdkk/sKYYH3tbSb8ef4KYOwYxI6h2G4+x/INtuQqUcEAAAA=[0m[Pipeline] stage
[8mha:////4LVN7p6Y55hiAPak50O9uHmPsJ4DHG/dT+7WRcLKpWlWAAAApR+LCAAAAAAAAP9tjTEOwjAUQ3+DOrAycoiUzoiJNerCCUITQtLo/zZJSSdOxNW4Ay2VmPBg2Zas93pDGQOcKBjuNHYWY2t570czJ54pdDdPmTu68pYwkte80bkhpc9rbShpWFUw2AjYamw9RYsmwU44+ZCVl2iqSwrzdhTArBrgCYWYyUmG9C1TgP19VJHwx/kLgKlPwOrDYvXyLD8BobDcwgAAAA==[0m[Pipeline] { (Build)
[8mha:////4A3gdvM8d78g7wd/NSf+5oOWqt2XNv+p58QKwLvK0mVuAAAAph+LCAAAAAAAAP9tjTEOwjAUQ3+LOrAycohUZUVMrFEWThCaEJJG/7dJSjpxIq7GHWipxIQHy7ZkvdcbqhjgRMEwp7GzGFvLej+aObFMobt5yszRlbWEkbxmQmdBSp/XKihpWFWUsOGw1dh6ihZNgh138iFrL9HUlxTm7cihtGqAJxR8JicZ0rdMAfb3UUXCH+cvAKY+Qdk0ix2WZ/UBbwyqm8IAAAA=[0m[Pipeline] dir
Running in C:\Windows\System32\config\systemprofile\AppData\Local\Jenkins\.jenkins\workspace\selenium-pipeline-windows\comtest
[8mha:////4D21pMdJp8csCJi7+UMpVfP9ksLjGDPTg99e7+ZiZwu9AAAAph+LCAAAAAAAAP9tjTEOwjAUQ3+LOrAycohUwIiYukZZOEFoQkgb/V9+UtqJE3E17kBLJSY8WLYl673eUESGE7ETjcXWY6y96ELvpiQG4vYaaBANXURNGClYoeygyNhqqYqShUVZDisJa4t1oOjRJdjIRj90GTS68px42o4Scm/u8IRMTuSkOX3LyLC99SYS/jh/ATB2CfLdfrbD/Cw+y7kUycIAAAA=[0m[Pipeline] {
[8mha:////4EtrDsMkTNjMmQdp0lEG04AbLBulrVHvAJTrK+TCu/0sAAAApB+LCAAAAAAAAP9tjTEOwjAQBC9BFLSUPOIiBB2iSmu54QUmNsaJdWdsh6TiRXyNPxCIRMUWq51t5vmCZYpw5GixNdQ5So3D4Hs7LRw4dhfPA7Z8xoYpsTcozSBZm3pGydnAnKKEhYCVocZzcmQzrEWr7qryimx1ynH6DgJKp2/wgEJM5qxi/sIYYXPtdWL6ef4KYAwZyu3uU/vwBgq0rvS+AAAA[0m[Pipeline] bat

C:\Windows\System32\config\systemprofile\AppData\Local\Jenkins\.jenkins\workspace\selenium-pipeline-windows\comtest>mvn  install 
[INFO] Scanning for projects...
[INFO] 
[INFO] -------------------------< com.test:com.test >--------------------------
[INFO] Building com.test 1.0-SNAPSHOT
[INFO] --------------------------------[ jar ]---------------------------------
[INFO] 
[INFO] --- maven-resources-plugin:2.6:resources (default-resources) @ com.test ---
[WARNING] Using platform encoding (Cp1252 actually) to copy filtered resources, i.e. build is platform dependent!
[INFO] skip non existing resourceDirectory C:\Windows\System32\config\systemprofile\AppData\Local\Jenkins\.jenkins\workspace\selenium-pipeline-windows\comtest\src\main\resources
[INFO] 
[INFO] --- maven-compiler-plugin:3.5.1:compile (default-compile) @ com.test ---
[INFO] Changes detected - recompiling the module!
[WARNING] File encoding has not been set, using platform encoding Cp1252, i.e. build is platform dependent!
[INFO] Compiling 1 source file to C:\Windows\System32\config\systemprofile\AppData\Local\Jenkins\.jenkins\workspace\selenium-pipeline-windows\comtest\target\classes
[INFO] 
[INFO] --- maven-resources-plugin:2.6:testResources (default-testResources) @ com.test ---
[WARNING] Using platform encoding (Cp1252 actually) to copy filtered resources, i.e. build is platform dependent!
[INFO] skip non existing resourceDirectory C:\Windows\System32\config\systemprofile\AppData\Local\Jenkins\.jenkins\workspace\selenium-pipeline-windows\comtest\src\test\resources
[INFO] 
[INFO] --- maven-compiler-plugin:3.5.1:testCompile (default-testCompile) @ com.test ---
[INFO] Not compiling test sources
[INFO] 
[INFO] --- maven-surefire-plugin:2.12.4:test (default-test) @ com.test ---
[INFO] No tests to run.
[INFO] 
[INFO] --- maven-jar-plugin:2.4:jar (default-jar) @ com.test ---
[INFO] Building jar: C:\Windows\System32\config\systemprofile\AppData\Local\Jenkins\.jenkins\workspace\selenium-pipeline-windows\comtest\target\com.test-1.0-SNAPSHOT.jar
[INFO] 
[INFO] --- maven-shade-plugin:2.1:shade (default) @ com.test ---
[WARNING] Map in class org.apache.maven.plugins.shade.resource.ManifestResourceTransformer declares value type as: class java.util.jar.Attributes but saw: class java.lang.String at runtime
[INFO] Including org.seleniumhq.selenium:selenium-api:jar:2.52.0 in the shaded jar.
[INFO] Including com.google.guava:guava:jar:19.0 in the shaded jar.
[INFO] Including com.google.code.gson:gson:jar:2.3.1 in the shaded jar.
[INFO] Including org.apache.httpcomponents:httpclient:jar:4.5.1 in the shaded jar.
[INFO] Including org.apache.httpcomponents:httpcore:jar:4.4.3 in the shaded jar.
[INFO] Including commons-logging:commons-logging:jar:1.2 in the shaded jar.
[INFO] Including commons-codec:commons-codec:jar:1.9 in the shaded jar.
[INFO] Including org.seleniumhq.selenium:selenium-chrome-driver:jar:2.52.0 in the shaded jar.
[INFO] Including org.seleniumhq.selenium:selenium-remote-driver:jar:2.52.0 in the shaded jar.
[INFO] Including cglib:cglib-nodep:jar:2.1_3 in the shaded jar.
[INFO] Including org.apache.commons:commons-exec:jar:1.3 in the shaded jar.
[INFO] Including net.java.dev.jna:jna:jar:4.1.0 in the shaded jar.
[INFO] Including net.java.dev.jna:jna-platform:jar:4.1.0 in the shaded jar.
[INFO] Replacing original artifact with shaded artifact.
[INFO] Replacing C:\Windows\System32\config\systemprofile\AppData\Local\Jenkins\.jenkins\workspace\selenium-pipeline-windows\comtest\target\com.test-1.0-SNAPSHOT.jar with C:\Windows\System32\config\systemprofile\AppData\Local\Jenkins\.jenkins\workspace\selenium-pipeline-windows\comtest\target\com.test-1.0-SNAPSHOT-shaded.jar
[INFO] Dependency-reduced POM written at: C:\Windows\System32\config\systemprofile\AppData\Local\Jenkins\.jenkins\workspace\selenium-pipeline-windows\comtest\dependency-reduced-pom.xml
[INFO] 
[INFO] --- maven-install-plugin:2.4:install (default-install) @ com.test ---
[INFO] Installing C:\Windows\System32\config\systemprofile\AppData\Local\Jenkins\.jenkins\workspace\selenium-pipeline-windows\comtest\target\com.test-1.0-SNAPSHOT.jar to C:\Users\Surendranath\.m2\repository\com\test\com.test\1.0-SNAPSHOT\com.test-1.0-SNAPSHOT.jar
[INFO] Installing C:\Windows\System32\config\systemprofile\AppData\Local\Jenkins\.jenkins\workspace\selenium-pipeline-windows\comtest\dependency-reduced-pom.xml to C:\Users\Surendranath\.m2\repository\com\test\com.test\1.0-SNAPSHOT\com.test-1.0-SNAPSHOT.pom
[INFO] ------------------------------------------------------------------------
[INFO] BUILD SUCCESS
[INFO] ------------------------------------------------------------------------
[INFO] Total time:  9.544 s
[INFO] Finished at: 2021-09-03T04:12:42-07:00
[INFO] ------------------------------------------------------------------------
[8mha:////4Msr1rT7Jb4I6k3+1m54QmP2GYqkvRpdlSnk6aC4iCdoAAAApB+LCAAAAAAAAP9tjTEOwjAQBC9BFLSUPOIihKgQVVrLDS8wsTFOrDtjOyQVL+Jr/IFAJCq2WO1sM88XLFOEI0eLraHOUWocBt/baeHAsbt4HrDlMzZMib1BaQbJ2tQzSs4G5hQlLASsDDWekyObYS1adVeVV2SrU47TdxBQOn2DBxRiMmcV8xfGCJtrrxPTz/NXAGMIGcrt/lO7N7BnLt++AAAA[0m[Pipeline] }
[8mha:////4LmZ3ru9J7+bMW1TkELaAulGozw57TPUAZxrxjcwEHzrAAAApB+LCAAAAAAAAP9tjTEOwjAQBC9BFLSUPOIiKGgQVVrLDS8wsTFOrDtjOyQVL+Jr/IFAJCq2WO1sM88XLFOEI0eLraHOUWocBt/baeHAsbt4HrDlMzZMib1BaQbJ2tQzSs4G5hQlLASsDDWekyObYS1adVeVV2SrU47TdxBQOn2DBxRiMmcV8xfGCJtrrxPTz/NXAGMIGcrt/lO7N4glvS6+AAAA[0m[Pipeline] // dir
[8mha:////4Cm7EHDM89y7hyVzCZCOdSykAgTLfcAR4YPW0WvDwC+MAAAAox+LCAAAAAAAAP9tjTESwiAURH/iWNhaeggyqSwcK1uGxhNggghh/idAJJUn8mreQTQzVm6xs2+b93zBOgY4UtDMKhwMxs4w7yZdFssUhqujzCxdWEcYySkmVBbUq9OCgpKCJVUNKw4bhZ2jaFAn2HIr77JxEnVzTqF8Bw616Ud4QMWLOcmQvjAH2N2mPhL+PH8FMHufoG73n2rfl6fofL4AAAA=[0m[Pipeline] }
[8mha:////4LkcRh7Q34Jh/wPhSc/JMfU4cAsMQZXaTGsa7iqBhQ0NAAAApB+LCAAAAAAAAP9tjTEOwjAQBC9BFLSUPOICHRKiSmu54QUmNsaJdWdsh6TiRXyNPxCIRMUWq51t5vmCZYpw5GixNdQ5So3D4Hs7LRw4dhfPA7Z8xoYpsTcozSBZm3pGydnAnKKEhYCVocZzcmQzrEWr7qryimx1ynH6DgJKp2/wgEJM5qxi/sIYYXPtdWL6ef4KYAwhQ7nbf2r7BtQlufq+AAAA[0m[Pipeline] // stage
[8mha:////4Lc7MhSlcF3MzVML5U+FwkB3n6T7YWEQ3XCeF3iLZ02MAAAApx+LCAAAAAAAAP9tjTEOwjAQBM9BKWgpeYQjJBqEqGgtN7zAxMY4se6CfSGpeBFf4w8EIlGx1c5Kq3m+oMwJDpS8bBy2AXMdZBd7PzU5UGovkQbZ0FnWhJmik9oNmqw7zqiJHcwRBSwULB3WkXJAz7BSjbmbKhr01YnTtO0VFMHe4AFCTWY2ib8wJlhfe5sJf56/Ahg7BrFlKDa7z7F8A361JXbBAAAA[0m[Pipeline] stage
[8mha:////4KA78i2jQxCkLJOd8sY6OmXk3PjDq1PDzp1Mxtp3CrLJAAAApx+LCAAAAAAAAP9tjTEOwjAUQ3+LOrAycogU2BDqxBp14QShCSFp9H9JUtKJE3E17kCgEhMeLNuS9Z4vqIKHhrxmVmFvMHSGDW7UObFEvr84SszSmXWEgZxirUotSXWca0tRwayihAWHpcLOUTCoI6y4FXdRO4G6PkWftwOH0sgbPKDgmRyFj98yeVhfRxkIf5y/AJiGCOV2n223+TyrN7xWSV3CAAAA[0m[Pipeline] { (test)
[8mha:////4Mb7Ot7f3eRp+162uMgW6LMv4IoZvbPBr0cPXll3niFWAAAAox+LCAAAAAAAAP9tjTEOwjAQBC9BFLSUPOICtIgqreWGF5jYGCfWnbEdkooX8TX+QCASFVusdraZ5wuWKcKRo8XWUOcoNQ6D7+20cODYXTwP2PIZG6bE3qA0g2Rt6hklZwNzihIWAlaGGs/Jkc2wFq26q8orstUpx+k7CCidvsEDCjGZs4r5C2OEzbXXienn+SuAMWQo99tP7cIbaOP4NL4AAAA=[0m[Pipeline] bat

C:\Windows\System32\config\systemprofile\AppData\Local\Jenkins\.jenkins\workspace\selenium-pipeline-windows>java -jar comtest/target/com.test-1.0-SNAPSHOT.jar 
Starting ChromeDriver 92.0.4515.107 (87a818b10553a07434ea9e2b6dccf3cbe7895134-refs/branch-heads/4515@{#1634}) on port 5092
Only local connections are allowed.
Please see https://chromedriver.chromium.org/security-considerations for suggestions on keeping ChromeDriver safe.
ChromeDriver was started successfully.
[1630667581.550][SEVERE]: Unable to receive message from renderer
Exception in thread "main" org.openqa.selenium.WebDriverException: unknown error: cannot determine loading status
from disconnected: received Inspector.detached event
  (Session info: chrome=92.0.4515.159)
  (Driver info: chromedriver=92.0.4515.107 (87a818b10553a07434ea9e2b6dccf3cbe7895134-refs/branch-heads/4515@{#1634}),platform=Windows NT 10.0.19042 x86_64) (WARNING: The server did not provide any stacktrace information)
Command duration or timeout: 1.35 seconds
Build info: version: 'unknown', revision: 'unknown', time: 'unknown'
System info: host: 'surendranath', ip: '192.168.56.1', os.name: 'Windows 10', os.arch: 'amd64', os.version: '10.0', java.version: '11.0.12'
Driver info: org.openqa.selenium.chrome.ChromeDriver
Capabilities [{mobileEmulationEnabled=false, timeouts={implicit=0, pageLoad=300000, script=30000}, hasTouchScreen=false, platform=XP, acceptSslCerts=false, goog:chromeOptions={debuggerAddress=localhost:53202}, webauthn:extension:credBlob=true, acceptInsecureCerts=false, webStorageEnabled=true, browserName=chrome, takesScreenshot=true, javascriptEnabled=true, setWindowRect=true, webauthn:extension:largeBlob=true, unexpectedAlertBehaviour=ignore, applicationCacheEnabled=false, rotatable=false, networkConnectionEnabled=false, chrome={chromedriverVersion=92.0.4515.107 (87a818b10553a07434ea9e2b6dccf3cbe7895134-refs/branch-heads/4515@{#1634}), userDataDir=C:\Users\SUREND~1\AppData\Local\Temp\scoped_dir22772_939604865}, takesHeapSnapshot=true, pageLoadStrategy=normal, strictFileInteractability=false, databaseEnabled=false, handlesAlerts=true, version=92.0.4515.159, browserConnectionEnabled=false, proxy={}, nativeEvents=true, locationContextEnabled=true, cssSelectorsEnabled=true, webauthn:virtualAuthenticators=true}]
Session ID: 75dafd4bf90f604d830d41076968fa0b
	at java.base/jdk.internal.reflect.NativeConstructorAccessorImpl.newInstance0(Native Method)
	at java.base/jdk.internal.reflect.NativeConstructorAccessorImpl.newInstance(NativeConstructorAccessorImpl.java:62)
	at java.base/jdk.internal.reflect.DelegatingConstructorAccessorImpl.newInstance(DelegatingConstructorAccessorImpl.java:45)
	at java.base/java.lang.reflect.Constructor.newInstance(Constructor.java:490)
	at org.openqa.selenium.remote.ErrorHandler.createThrowable(ErrorHandler.java:206)
	at org.openqa.selenium.remote.ErrorHandler.throwIfResponseFailed(ErrorHandler.java:158)
	at org.openqa.selenium.remote.RemoteWebDriver.execute(RemoteWebDriver.java:678)
	at org.openqa.selenium.remote.RemoteWebDriver.get(RemoteWebDriver.java:316)
	at com.test.Selenium.main(Selenium.java:15)
[8mha:////4O9erzVQchZ2pl/3ak0a6SxFCq1SX+J1MV9wNwLYWMCSAAAAox+LCAAAAAAAAP9tjTEOwjAQBC9BFLSUPOKC0iIqWisNLzCJMXasO8d2cCpexNf4A4FIVGyx2tlmni9YxwBHDhqtot5QbA16N+p5YebQXx1ntHzBlimyU9io3HCnTgs2nBQsKUpYCdgoah1HQzrBVlh5l5WTpKtzCvN3EFCaboAHFGI2JxnSF6YAu9vYRaaf568AJu8TlHX9qf0b7E/nQb4AAAA=[0m[Pipeline] }
[8mha:////4LpNGUKycDG3KLzjjZ4M9/O3woSQuOlK7TA+cvGHMimFAAAApR+LCAAAAAAAAP9tjTEOwjAQBC9BFLSUPOIioEIoFa3lhheYxBgn1l2wHZyKF/E1/oBFJCq2WO1sM683LIOHmr3BTlNvKTQWBzeavDCx76+OE3Z8wYYpsNModZLc6tOMkqOGOUUJCwErTY3jYMlEWItOPVTlFJnqHH3+jgJK297hCYXI5qh8/MLkYXMb28D08/wVwDQMEcrdPtf28AEud0rYvgAAAA==[0m[Pipeline] // stage
[8mha:////4AHYZ+Q1chaj7O6tG6aj/dOM0H00dPv4p3tPqNn/0Pv6AAAAox+LCAAAAAAAAP9tjbEOgjAURS8YB1dHP6Ikhs04uTYsfkGFWgvNe9g+hMkv8tf8B4kkTt7pnrOc1xvrFHHk6FRrqfOUaq/6MLj5qZFjdw08qpYvqmZKHKyq7FhxY08LViwWy7IcK42NpTpw8uQEW92ahymCIVecJc7uoJH75o4nMj2XxUT5whSxuw1NYvp1/gYw9b0g35eCrPwA6/9Rob0AAAA=[0m[Pipeline] }
[8mha:////4CdLSefRDGYp1x2HXulJRoe/vzdp1XZd5Skisqvpf0hMAAAAox+LCAAAAAAAAP9tjTEOwjAQBDdBFLSUPMKRQFSIitZKwwtMYowT6y7YF5KKF/E1/kBEJCq22plmXm8sU8SRo1ONpdZTqrzqQu+mpwaO7TXwoBq+qIopcbCqtEPJtT3NWLJYzMtyLDRWlqrAyZMTrHVjHqYIhlxxlji5g0bu6zueyPRUFhPlC2PE5tbXienX+RvA2HWCfLsXZLsP+ENVAr0AAAA=[0m[Pipeline] // node
[8mha:////4NBQyXqQ1OCPauVT4iMJeOVxTpJJnZQShtNpt8YqbmGqAAAAox+LCAAAAAAAAP9tjbEOgjAURS8YB1dHP6IkDC7GybVh8Qsq1Fpo3sP2IUx+kb/mP0gkcfJO95zlvN5Yp4gjR6daS52nVHvVh8HNT40cu2vgUbV8UTVT4mBVZceKG3tasGKxWJblWGlsLNWBkycn2OrWPEwRDLniLHF2B43cN3c8kem5LCbKF6aI3W1oEtOv8zeAqe8FebkXZOUHvgnyMr0AAAA=[0m[Pipeline] End of Pipeline
ERROR: script returned exit code 1
[Checks API] No suitable checks publisher found.
Finished: FAILURE
